

Started GET "/assets/rails.png" for 127.0.0.1 at 2012-06-04 20:24:33 +0400
Connecting to database specified by database.yml

Mysql2::Error (Can't connect to local MySQL server through socket '/opt/local/var/run/mysql5/mysqld.sock' (2)):
  vendor/ruby/1.9.1/gems/mysql2-0.3.11/lib/mysql2/client.rb:44:in `connect'
  vendor/ruby/1.9.1/gems/mysql2-0.3.11/lib/mysql2/client.rb:44:in `initialize'
  vendor/ruby/1.9.1/gems/activerecord-3.2.5/lib/active_record/connection_adapters/mysql2_adapter.rb:16:in `new'
  vendor/ruby/1.9.1/gems/activerecord-3.2.5/lib/active_record/connection_adapters/mysql2_adapter.rb:16:in `mysql2_connection'
  vendor/ruby/1.9.1/gems/activerecord-3.2.5/lib/active_record/connection_adapters/abstract/connection_pool.rb:309:in `new_connection'
  vendor/ruby/1.9.1/gems/activerecord-3.2.5/lib/active_record/connection_adapters/abstract/connection_pool.rb:319:in `checkout_new_connection'
  vendor/ruby/1.9.1/gems/activerecord-3.2.5/lib/active_record/connection_adapters/abstract/connection_pool.rb:241:in `block (2 levels) in checkout'
  vendor/ruby/1.9.1/gems/activerecord-3.2.5/lib/active_record/connection_adapters/abstract/connection_pool.rb:236:in `loop'
  vendor/ruby/1.9.1/gems/activerecord-3.2.5/lib/active_record/connection_adapters/abstract/connection_pool.rb:236:in `block in checkout'
  /Users/sky/.rvm/rubies/ruby-1.9.3-p194/lib/ruby/1.9.1/monitor.rb:211:in `mon_synchronize'
  vendor/ruby/1.9.1/gems/activerecord-3.2.5/lib/active_record/connection_adapters/abstract/connection_pool.rb:233:in `checkout'
  vendor/ruby/1.9.1/gems/activerecord-3.2.5/lib/active_record/connection_adapters/abstract/connection_pool.rb:96:in `block in connection'
  /Users/sky/.rvm/rubies/ruby-1.9.3-p194/lib/ruby/1.9.1/monitor.rb:211:in `mon_synchronize'
  vendor/ruby/1.9.1/gems/activerecord-3.2.5/lib/active_record/connection_adapters/abstract/connection_pool.rb:95:in `connection'
  vendor/ruby/1.9.1/gems/activerecord-3.2.5/lib/active_record/connection_adapters/abstract/connection_pool.rb:404:in `retrieve_connection'
  vendor/ruby/1.9.1/gems/activerecord-3.2.5/lib/active_record/connection_adapters/abstract/connection_specification.rb:168:in `retrieve_connection'
  vendor/ruby/1.9.1/gems/activerecord-3.2.5/lib/active_record/connection_adapters/abstract/connection_specification.rb:142:in `connection'
  vendor/ruby/1.9.1/gems/activerecord-3.2.5/lib/active_record/query_cache.rb:67:in `rescue in call'
  vendor/ruby/1.9.1/gems/activerecord-3.2.5/lib/active_record/query_cache.rb:61:in `call'
  vendor/ruby/1.9.1/gems/activerecord-3.2.5/lib/active_record/connection_adapters/abstract/connection_pool.rb:473:in `call'
  vendor/ruby/1.9.1/gems/actionpack-3.2.5/lib/action_dispatch/middleware/callbacks.rb:28:in `block in call'
  vendor/ruby/1.9.1/gems/activesupport-3.2.5/lib/active_support/callbacks.rb:405:in `_run__1509728948516561249__call__1411540700547604170__callbacks'
  vendor/ruby/1.9.1/gems/activesupport-3.2.5/lib/active_support/callbacks.rb:405:in `__run_callback'
  vendor/ruby/1.9.1/gems/activesupport-3.2.5/lib/active_support/callbacks.rb:385:in `_run_call_callbacks'
  vendor/ruby/1.9.1/gems/activesupport-3.2.5/lib/active_support/callbacks.rb:81:in `run_callbacks'
  vendor/ruby/1.9.1/gems/actionpack-3.2.5/lib/action_dispatch/middleware/callbacks.rb:27:in `call'
  vendor/ruby/1.9.1/gems/actionpack-3.2.5/lib/action_dispatch/middleware/reloader.rb:65:in `call'
  vendor/ruby/1.9.1/gems/actionpack-3.2.5/lib/action_dispatch/middleware/remote_ip.rb:31:in `call'
  vendor/ruby/1.9.1/gems/actionpack-3.2.5/lib/action_dispatch/middleware/debug_exceptions.rb:16:in `call'
  vendor/ruby/1.9.1/gems/actionpack-3.2.5/lib/action_dispatch/middleware/show_exceptions.rb:56:in `call'
  vendor/ruby/1.9.1/gems/railties-3.2.5/lib/rails/rack/logger.rb:26:in `call_app'
  vendor/ruby/1.9.1/gems/railties-3.2.5/lib/rails/rack/logger.rb:16:in `call'
  vendor/ruby/1.9.1/gems/actionpack-3.2.5/lib/action_dispatch/middleware/request_id.rb:22:in `call'
  vendor/ruby/1.9.1/gems/rack-1.4.1/lib/rack/methodoverride.rb:21:in `call'
  vendor/ruby/1.9.1/gems/rack-1.4.1/lib/rack/runtime.rb:17:in `call'
  vendor/ruby/1.9.1/gems/activesupport-3.2.5/lib/active_support/cache/strategy/local_cache.rb:72:in `call'
  vendor/ruby/1.9.1/gems/rack-1.4.1/lib/rack/lock.rb:15:in `call'
  vendor/ruby/1.9.1/gems/actionpack-3.2.5/lib/action_dispatch/middleware/static.rb:62:in `call'
  vendor/ruby/1.9.1/gems/railties-3.2.5/lib/rails/engine.rb:479:in `call'
  vendor/ruby/1.9.1/gems/railties-3.2.5/lib/rails/application.rb:220:in `call'
  vendor/ruby/1.9.1/gems/rack-1.4.1/lib/rack/content_length.rb:14:in `call'
  vendor/ruby/1.9.1/gems/railties-3.2.5/lib/rails/rack/log_tailer.rb:17:in `call'
  vendor/ruby/1.9.1/gems/rack-1.4.1/lib/rack/handler/webrick.rb:59:in `service'
  /Users/sky/.rvm/rubies/ruby-1.9.3-p194/lib/ruby/1.9.1/webrick/httpserver.rb:138:in `service'
  /Users/sky/.rvm/rubies/ruby-1.9.3-p194/lib/ruby/1.9.1/webrick/httpserver.rb:94:in `run'
  /Users/sky/.rvm/rubies/ruby-1.9.3-p194/lib/ruby/1.9.1/webrick/server.rb:191:in `block in start_thread'


  Rendered vendor/ruby/1.9.1/gems/actionpack-3.2.5/lib/action_dispatch/middleware/templates/rescues/_trace.erb (2.4ms)
  Rendered vendor/ruby/1.9.1/gems/actionpack-3.2.5/lib/action_dispatch/middleware/templates/rescues/_request_and_response.erb (2.4ms)
  Rendered vendor/ruby/1.9.1/gems/actionpack-3.2.5/lib/action_dispatch/middleware/templates/rescues/diagnostics.erb within rescues/layout (15.8ms)


Started GET "/assets/rails.png" for 127.0.0.1 at 2012-06-04 20:24:37 +0400

Mysql2::Error (Can't connect to local MySQL server through socket '/opt/local/var/run/mysql5/mysqld.sock' (2)):
  vendor/ruby/1.9.1/gems/mysql2-0.3.11/lib/mysql2/client.rb:44:in `connect'
  vendor/ruby/1.9.1/gems/mysql2-0.3.11/lib/mysql2/client.rb:44:in `initialize'
  vendor/ruby/1.9.1/gems/activerecord-3.2.5/lib/active_record/connection_adapters/mysql2_adapter.rb:16:in `new'
  vendor/ruby/1.9.1/gems/activerecord-3.2.5/lib/active_record/connection_adapters/mysql2_adapter.rb:16:in `mysql2_connection'
  vendor/ruby/1.9.1/gems/activerecord-3.2.5/lib/active_record/connection_adapters/abstract/connection_pool.rb:309:in `new_connection'
  vendor/ruby/1.9.1/gems/activerecord-3.2.5/lib/active_record/connection_adapters/abstract/connection_pool.rb:319:in `checkout_new_connection'
  vendor/ruby/1.9.1/gems/activerecord-3.2.5/lib/active_record/connection_adapters/abstract/connection_pool.rb:241:in `block (2 levels) in checkout'
  vendor/ruby/1.9.1/gems/activerecord-3.2.5/lib/active_record/connection_adapters/abstract/connection_pool.rb:236:in `loop'
  vendor/ruby/1.9.1/gems/activerecord-3.2.5/lib/active_record/connection_adapters/abstract/connection_pool.rb:236:in `block in checkout'
  /Users/sky/.rvm/rubies/ruby-1.9.3-p194/lib/ruby/1.9.1/monitor.rb:211:in `mon_synchronize'
  vendor/ruby/1.9.1/gems/activerecord-3.2.5/lib/active_record/connection_adapters/abstract/connection_pool.rb:233:in `checkout'
  vendor/ruby/1.9.1/gems/activerecord-3.2.5/lib/active_record/connection_adapters/abstract/connection_pool.rb:96:in `block in connection'
  /Users/sky/.rvm/rubies/ruby-1.9.3-p194/lib/ruby/1.9.1/monitor.rb:211:in `mon_synchronize'
  vendor/ruby/1.9.1/gems/activerecord-3.2.5/lib/active_record/connection_adapters/abstract/connection_pool.rb:95:in `connection'
  vendor/ruby/1.9.1/gems/activerecord-3.2.5/lib/active_record/connection_adapters/abstract/connection_pool.rb:404:in `retrieve_connection'
  vendor/ruby/1.9.1/gems/activerecord-3.2.5/lib/active_record/connection_adapters/abstract/connection_specification.rb:168:in `retrieve_connection'
  vendor/ruby/1.9.1/gems/activerecord-3.2.5/lib/active_record/connection_adapters/abstract/connection_specification.rb:142:in `connection'
  vendor/ruby/1.9.1/gems/activerecord-3.2.5/lib/active_record/query_cache.rb:67:in `rescue in call'
  vendor/ruby/1.9.1/gems/activerecord-3.2.5/lib/active_record/query_cache.rb:61:in `call'
  vendor/ruby/1.9.1/gems/activerecord-3.2.5/lib/active_record/connection_adapters/abstract/connection_pool.rb:473:in `call'
  vendor/ruby/1.9.1/gems/actionpack-3.2.5/lib/action_dispatch/middleware/callbacks.rb:28:in `block in call'
  vendor/ruby/1.9.1/gems/activesupport-3.2.5/lib/active_support/callbacks.rb:405:in `_run__1509728948516561249__call__1411540700547604170__callbacks'
  vendor/ruby/1.9.1/gems/activesupport-3.2.5/lib/active_support/callbacks.rb:405:in `__run_callback'
  vendor/ruby/1.9.1/gems/activesupport-3.2.5/lib/active_support/callbacks.rb:385:in `_run_call_callbacks'
  vendor/ruby/1.9.1/gems/activesupport-3.2.5/lib/active_support/callbacks.rb:81:in `run_callbacks'
  vendor/ruby/1.9.1/gems/actionpack-3.2.5/lib/action_dispatch/middleware/callbacks.rb:27:in `call'
  vendor/ruby/1.9.1/gems/actionpack-3.2.5/lib/action_dispatch/middleware/reloader.rb:65:in `call'
  vendor/ruby/1.9.1/gems/actionpack-3.2.5/lib/action_dispatch/middleware/remote_ip.rb:31:in `call'
  vendor/ruby/1.9.1/gems/actionpack-3.2.5/lib/action_dispatch/middleware/debug_exceptions.rb:16:in `call'
  vendor/ruby/1.9.1/gems/actionpack-3.2.5/lib/action_dispatch/middleware/show_exceptions.rb:56:in `call'
  vendor/ruby/1.9.1/gems/railties-3.2.5/lib/rails/rack/logger.rb:26:in `call_app'
  vendor/ruby/1.9.1/gems/railties-3.2.5/lib/rails/rack/logger.rb:16:in `call'
  vendor/ruby/1.9.1/gems/actionpack-3.2.5/lib/action_dispatch/middleware/request_id.rb:22:in `call'
  vendor/ruby/1.9.1/gems/rack-1.4.1/lib/rack/methodoverride.rb:21:in `call'
  vendor/ruby/1.9.1/gems/rack-1.4.1/lib/rack/runtime.rb:17:in `call'
  vendor/ruby/1.9.1/gems/activesupport-3.2.5/lib/active_support/cache/strategy/local_cache.rb:72:in `call'
  vendor/ruby/1.9.1/gems/rack-1.4.1/lib/rack/lock.rb:15:in `call'
  vendor/ruby/1.9.1/gems/actionpack-3.2.5/lib/action_dispatch/middleware/static.rb:62:in `call'
  vendor/ruby/1.9.1/gems/railties-3.2.5/lib/rails/engine.rb:479:in `call'
  vendor/ruby/1.9.1/gems/railties-3.2.5/lib/rails/application.rb:220:in `call'
  vendor/ruby/1.9.1/gems/rack-1.4.1/lib/rack/content_length.rb:14:in `call'
  vendor/ruby/1.9.1/gems/railties-3.2.5/lib/rails/rack/log_tailer.rb:17:in `call'
  vendor/ruby/1.9.1/gems/rack-1.4.1/lib/rack/handler/webrick.rb:59:in `service'
  /Users/sky/.rvm/rubies/ruby-1.9.3-p194/lib/ruby/1.9.1/webrick/httpserver.rb:138:in `service'
  /Users/sky/.rvm/rubies/ruby-1.9.3-p194/lib/ruby/1.9.1/webrick/httpserver.rb:94:in `run'
  /Users/sky/.rvm/rubies/ruby-1.9.3-p194/lib/ruby/1.9.1/webrick/server.rb:191:in `block in start_thread'


  Rendered vendor/ruby/1.9.1/gems/actionpack-3.2.5/lib/action_dispatch/middleware/templates/rescues/_trace.erb (3.4ms)
  Rendered vendor/ruby/1.9.1/gems/actionpack-3.2.5/lib/action_dispatch/middleware/templates/rescues/_request_and_response.erb (1.1ms)
  Rendered vendor/ruby/1.9.1/gems/actionpack-3.2.5/lib/action_dispatch/middleware/templates/rescues/diagnostics.erb within rescues/layout (11.8ms)


Started GET "/assets/rails.png" for 127.0.0.1 at 2012-06-04 20:24:58 +0400
Connecting to database specified by database.yml

Mysql2::Error (Access denied for user 'root'@'localhost' (using password: NO)):
  vendor/ruby/1.9.1/gems/mysql2-0.3.11/lib/mysql2/client.rb:44:in `connect'
  vendor/ruby/1.9.1/gems/mysql2-0.3.11/lib/mysql2/client.rb:44:in `initialize'
  vendor/ruby/1.9.1/gems/activerecord-3.2.5/lib/active_record/connection_adapters/mysql2_adapter.rb:16:in `new'
  vendor/ruby/1.9.1/gems/activerecord-3.2.5/lib/active_record/connection_adapters/mysql2_adapter.rb:16:in `mysql2_connection'
  vendor/ruby/1.9.1/gems/activerecord-3.2.5/lib/active_record/connection_adapters/abstract/connection_pool.rb:309:in `new_connection'
  vendor/ruby/1.9.1/gems/activerecord-3.2.5/lib/active_record/connection_adapters/abstract/connection_pool.rb:319:in `checkout_new_connection'
  vendor/ruby/1.9.1/gems/activerecord-3.2.5/lib/active_record/connection_adapters/abstract/connection_pool.rb:241:in `block (2 levels) in checkout'
  vendor/ruby/1.9.1/gems/activerecord-3.2.5/lib/active_record/connection_adapters/abstract/connection_pool.rb:236:in `loop'
  vendor/ruby/1.9.1/gems/activerecord-3.2.5/lib/active_record/connection_adapters/abstract/connection_pool.rb:236:in `block in checkout'
  /Users/sky/.rvm/rubies/ruby-1.9.3-p194/lib/ruby/1.9.1/monitor.rb:211:in `mon_synchronize'
  vendor/ruby/1.9.1/gems/activerecord-3.2.5/lib/active_record/connection_adapters/abstract/connection_pool.rb:233:in `checkout'
  vendor/ruby/1.9.1/gems/activerecord-3.2.5/lib/active_record/connection_adapters/abstract/connection_pool.rb:96:in `block in connection'
  /Users/sky/.rvm/rubies/ruby-1.9.3-p194/lib/ruby/1.9.1/monitor.rb:211:in `mon_synchronize'
  vendor/ruby/1.9.1/gems/activerecord-3.2.5/lib/active_record/connection_adapters/abstract/connection_pool.rb:95:in `connection'
  vendor/ruby/1.9.1/gems/activerecord-3.2.5/lib/active_record/connection_adapters/abstract/connection_pool.rb:404:in `retrieve_connection'
  vendor/ruby/1.9.1/gems/activerecord-3.2.5/lib/active_record/connection_adapters/abstract/connection_specification.rb:168:in `retrieve_connection'
  vendor/ruby/1.9.1/gems/activerecord-3.2.5/lib/active_record/connection_adapters/abstract/connection_specification.rb:142:in `connection'
  vendor/ruby/1.9.1/gems/activerecord-3.2.5/lib/active_record/query_cache.rb:67:in `rescue in call'
  vendor/ruby/1.9.1/gems/activerecord-3.2.5/lib/active_record/query_cache.rb:61:in `call'
  vendor/ruby/1.9.1/gems/activerecord-3.2.5/lib/active_record/connection_adapters/abstract/connection_pool.rb:473:in `call'
  vendor/ruby/1.9.1/gems/actionpack-3.2.5/lib/action_dispatch/middleware/callbacks.rb:28:in `block in call'
  vendor/ruby/1.9.1/gems/activesupport-3.2.5/lib/active_support/callbacks.rb:405:in `_run__1446203160146393632__call__720968301882153360__callbacks'
  vendor/ruby/1.9.1/gems/activesupport-3.2.5/lib/active_support/callbacks.rb:405:in `__run_callback'
  vendor/ruby/1.9.1/gems/activesupport-3.2.5/lib/active_support/callbacks.rb:385:in `_run_call_callbacks'
  vendor/ruby/1.9.1/gems/activesupport-3.2.5/lib/active_support/callbacks.rb:81:in `run_callbacks'
  vendor/ruby/1.9.1/gems/actionpack-3.2.5/lib/action_dispatch/middleware/callbacks.rb:27:in `call'
  vendor/ruby/1.9.1/gems/actionpack-3.2.5/lib/action_dispatch/middleware/reloader.rb:65:in `call'
  vendor/ruby/1.9.1/gems/actionpack-3.2.5/lib/action_dispatch/middleware/remote_ip.rb:31:in `call'
  vendor/ruby/1.9.1/gems/actionpack-3.2.5/lib/action_dispatch/middleware/debug_exceptions.rb:16:in `call'
  vendor/ruby/1.9.1/gems/actionpack-3.2.5/lib/action_dispatch/middleware/show_exceptions.rb:56:in `call'
  vendor/ruby/1.9.1/gems/railties-3.2.5/lib/rails/rack/logger.rb:26:in `call_app'
  vendor/ruby/1.9.1/gems/railties-3.2.5/lib/rails/rack/logger.rb:16:in `call'
  vendor/ruby/1.9.1/gems/actionpack-3.2.5/lib/action_dispatch/middleware/request_id.rb:22:in `call'
  vendor/ruby/1.9.1/gems/rack-1.4.1/lib/rack/methodoverride.rb:21:in `call'
  vendor/ruby/1.9.1/gems/rack-1.4.1/lib/rack/runtime.rb:17:in `call'
  vendor/ruby/1.9.1/gems/activesupport-3.2.5/lib/active_support/cache/strategy/local_cache.rb:72:in `call'
  vendor/ruby/1.9.1/gems/rack-1.4.1/lib/rack/lock.rb:15:in `call'
  vendor/ruby/1.9.1/gems/actionpack-3.2.5/lib/action_dispatch/middleware/static.rb:62:in `call'
  vendor/ruby/1.9.1/gems/railties-3.2.5/lib/rails/engine.rb:479:in `call'
  vendor/ruby/1.9.1/gems/railties-3.2.5/lib/rails/application.rb:220:in `call'
  vendor/ruby/1.9.1/gems/rack-1.4.1/lib/rack/content_length.rb:14:in `call'
  vendor/ruby/1.9.1/gems/railties-3.2.5/lib/rails/rack/log_tailer.rb:17:in `call'
  vendor/ruby/1.9.1/gems/rack-1.4.1/lib/rack/handler/webrick.rb:59:in `service'
  /Users/sky/.rvm/rubies/ruby-1.9.3-p194/lib/ruby/1.9.1/webrick/httpserver.rb:138:in `service'
  /Users/sky/.rvm/rubies/ruby-1.9.3-p194/lib/ruby/1.9.1/webrick/httpserver.rb:94:in `run'
  /Users/sky/.rvm/rubies/ruby-1.9.3-p194/lib/ruby/1.9.1/webrick/server.rb:191:in `block in start_thread'


  Rendered vendor/ruby/1.9.1/gems/actionpack-3.2.5/lib/action_dispatch/middleware/templates/rescues/_trace.erb (2.2ms)
  Rendered vendor/ruby/1.9.1/gems/actionpack-3.2.5/lib/action_dispatch/middleware/templates/rescues/_request_and_response.erb (2.3ms)
  Rendered vendor/ruby/1.9.1/gems/actionpack-3.2.5/lib/action_dispatch/middleware/templates/rescues/diagnostics.erb within rescues/layout (12.7ms)


Started GET "/assets/rails.png" for 127.0.0.1 at 2012-06-04 20:25:00 +0400

Mysql2::Error (Access denied for user 'root'@'localhost' (using password: NO)):
  vendor/ruby/1.9.1/gems/mysql2-0.3.11/lib/mysql2/client.rb:44:in `connect'
  vendor/ruby/1.9.1/gems/mysql2-0.3.11/lib/mysql2/client.rb:44:in `initialize'
  vendor/ruby/1.9.1/gems/activerecord-3.2.5/lib/active_record/connection_adapters/mysql2_adapter.rb:16:in `new'
  vendor/ruby/1.9.1/gems/activerecord-3.2.5/lib/active_record/connection_adapters/mysql2_adapter.rb:16:in `mysql2_connection'
  vendor/ruby/1.9.1/gems/activerecord-3.2.5/lib/active_record/connection_adapters/abstract/connection_pool.rb:309:in `new_connection'
  vendor/ruby/1.9.1/gems/activerecord-3.2.5/lib/active_record/connection_adapters/abstract/connection_pool.rb:319:in `checkout_new_connection'
  vendor/ruby/1.9.1/gems/activerecord-3.2.5/lib/active_record/connection_adapters/abstract/connection_pool.rb:241:in `block (2 levels) in checkout'
  vendor/ruby/1.9.1/gems/activerecord-3.2.5/lib/active_record/connection_adapters/abstract/connection_pool.rb:236:in `loop'
  vendor/ruby/1.9.1/gems/activerecord-3.2.5/lib/active_record/connection_adapters/abstract/connection_pool.rb:236:in `block in checkout'
  /Users/sky/.rvm/rubies/ruby-1.9.3-p194/lib/ruby/1.9.1/monitor.rb:211:in `mon_synchronize'
  vendor/ruby/1.9.1/gems/activerecord-3.2.5/lib/active_record/connection_adapters/abstract/connection_pool.rb:233:in `checkout'
  vendor/ruby/1.9.1/gems/activerecord-3.2.5/lib/active_record/connection_adapters/abstract/connection_pool.rb:96:in `block in connection'
  /Users/sky/.rvm/rubies/ruby-1.9.3-p194/lib/ruby/1.9.1/monitor.rb:211:in `mon_synchronize'
  vendor/ruby/1.9.1/gems/activerecord-3.2.5/lib/active_record/connection_adapters/abstract/connection_pool.rb:95:in `connection'
  vendor/ruby/1.9.1/gems/activerecord-3.2.5/lib/active_record/connection_adapters/abstract/connection_pool.rb:404:in `retrieve_connection'
  vendor/ruby/1.9.1/gems/activerecord-3.2.5/lib/active_record/connection_adapters/abstract/connection_specification.rb:168:in `retrieve_connection'
  vendor/ruby/1.9.1/gems/activerecord-3.2.5/lib/active_record/connection_adapters/abstract/connection_specification.rb:142:in `connection'
  vendor/ruby/1.9.1/gems/activerecord-3.2.5/lib/active_record/query_cache.rb:67:in `rescue in call'
  vendor/ruby/1.9.1/gems/activerecord-3.2.5/lib/active_record/query_cache.rb:61:in `call'
  vendor/ruby/1.9.1/gems/activerecord-3.2.5/lib/active_record/connection_adapters/abstract/connection_pool.rb:473:in `call'
  vendor/ruby/1.9.1/gems/actionpack-3.2.5/lib/action_dispatch/middleware/callbacks.rb:28:in `block in call'
  vendor/ruby/1.9.1/gems/activesupport-3.2.5/lib/active_support/callbacks.rb:405:in `_run__1446203160146393632__call__720968301882153360__callbacks'
  vendor/ruby/1.9.1/gems/activesupport-3.2.5/lib/active_support/callbacks.rb:405:in `__run_callback'
  vendor/ruby/1.9.1/gems/activesupport-3.2.5/lib/active_support/callbacks.rb:385:in `_run_call_callbacks'
  vendor/ruby/1.9.1/gems/activesupport-3.2.5/lib/active_support/callbacks.rb:81:in `run_callbacks'
  vendor/ruby/1.9.1/gems/actionpack-3.2.5/lib/action_dispatch/middleware/callbacks.rb:27:in `call'
  vendor/ruby/1.9.1/gems/actionpack-3.2.5/lib/action_dispatch/middleware/reloader.rb:65:in `call'
  vendor/ruby/1.9.1/gems/actionpack-3.2.5/lib/action_dispatch/middleware/remote_ip.rb:31:in `call'
  vendor/ruby/1.9.1/gems/actionpack-3.2.5/lib/action_dispatch/middleware/debug_exceptions.rb:16:in `call'
  vendor/ruby/1.9.1/gems/actionpack-3.2.5/lib/action_dispatch/middleware/show_exceptions.rb:56:in `call'
  vendor/ruby/1.9.1/gems/railties-3.2.5/lib/rails/rack/logger.rb:26:in `call_app'
  vendor/ruby/1.9.1/gems/railties-3.2.5/lib/rails/rack/logger.rb:16:in `call'
  vendor/ruby/1.9.1/gems/actionpack-3.2.5/lib/action_dispatch/middleware/request_id.rb:22:in `call'
  vendor/ruby/1.9.1/gems/rack-1.4.1/lib/rack/methodoverride.rb:21:in `call'
  vendor/ruby/1.9.1/gems/rack-1.4.1/lib/rack/runtime.rb:17:in `call'
  vendor/ruby/1.9.1/gems/activesupport-3.2.5/lib/active_support/cache/strategy/local_cache.rb:72:in `call'
  vendor/ruby/1.9.1/gems/rack-1.4.1/lib/rack/lock.rb:15:in `call'
  vendor/ruby/1.9.1/gems/actionpack-3.2.5/lib/action_dispatch/middleware/static.rb:62:in `call'
  vendor/ruby/1.9.1/gems/railties-3.2.5/lib/rails/engine.rb:479:in `call'
  vendor/ruby/1.9.1/gems/railties-3.2.5/lib/rails/application.rb:220:in `call'
  vendor/ruby/1.9.1/gems/rack-1.4.1/lib/rack/content_length.rb:14:in `call'
  vendor/ruby/1.9.1/gems/railties-3.2.5/lib/rails/rack/log_tailer.rb:17:in `call'
  vendor/ruby/1.9.1/gems/rack-1.4.1/lib/rack/handler/webrick.rb:59:in `service'
  /Users/sky/.rvm/rubies/ruby-1.9.3-p194/lib/ruby/1.9.1/webrick/httpserver.rb:138:in `service'
  /Users/sky/.rvm/rubies/ruby-1.9.3-p194/lib/ruby/1.9.1/webrick/httpserver.rb:94:in `run'
  /Users/sky/.rvm/rubies/ruby-1.9.3-p194/lib/ruby/1.9.1/webrick/server.rb:191:in `block in start_thread'


  Rendered vendor/ruby/1.9.1/gems/actionpack-3.2.5/lib/action_dispatch/middleware/templates/rescues/_trace.erb (2.3ms)
  Rendered vendor/ruby/1.9.1/gems/actionpack-3.2.5/lib/action_dispatch/middleware/templates/rescues/_request_and_response.erb (1.1ms)
  Rendered vendor/ruby/1.9.1/gems/actionpack-3.2.5/lib/action_dispatch/middleware/templates/rescues/diagnostics.erb within rescues/layout (10.3ms)
